<?xml version="1.0" encoding="UTF-8"?>
<testng-results ignored="0" total="6" passed="6" failed="0" skipped="0">
  <reporter-output>
    <line>
      <![CDATA[This is the test report generated]]>
    </line>
  </reporter-output>
  <suite started-at="2024-02-21T18:22:12 IST" name="Default suite" finished-at="2024-02-21T18:22:32 IST" duration-ms="19156">
    <groups>
    </groups>
    <test started-at="2024-02-21T18:22:12 IST" name="Default test" finished-at="2024-02-21T18:22:32 IST" duration-ms="19156">
      <class name="package_name.Login_functionality22">
        <test-method signature="StartBrowser(java.lang.String)[pri:0, instance:package_name.Login_functionality22@51399530]" started-at="2024-02-21T18:22:13 IST" name="StartBrowser" finished-at="2024-02-21T18:22:19 IST" duration-ms="6645" status="PASS">
          <params>
            <param index="0">
              <value>
                <![CDATA[Chrome]]>
              </value>
            </param>
          </params>
          <reporter-output>
          </reporter-output>
        </test-method> <!-- StartBrowser -->
        <test-method signature="Excel(java.lang.String,java.lang.String)[pri:1, instance:package_name.Login_functionality22@51399530]" started-at="2024-02-21T18:22:19 IST" name="Excel" data-provider="testing" finished-at="2024-02-21T18:22:24 IST" duration-ms="4513" status="PASS">
          <params>
            <param index="0">
              <value>
                <![CDATA[standard_user]]>
              </value>
            </param>
            <param index="1">
              <value>
                <![CDATA[secret_sauce]]>
              </value>
            </param>
          </params>
          <reporter-output>
          </reporter-output>
        </test-method> <!-- Excel -->
        <test-method signature="Excel(java.lang.String,java.lang.String)[pri:1, instance:package_name.Login_functionality22@51399530]" started-at="2024-02-21T18:22:24 IST" name="Excel" data-provider="testing" finished-at="2024-02-21T18:22:25 IST" duration-ms="845" status="PASS">
          <params>
            <param index="0">
              <value>
                <![CDATA[locked_out_]]>
              </value>
            </param>
            <param index="1">
              <value>
                <![CDATA[secret_sauc]]>
              </value>
            </param>
          </params>
          <reporter-output>
          </reporter-output>
        </test-method> <!-- Excel -->
        <test-method signature="Excel(java.lang.String,java.lang.String)[pri:1, instance:package_name.Login_functionality22@51399530]" started-at="2024-02-21T18:22:25 IST" name="Excel" data-provider="testing" finished-at="2024-02-21T18:22:26 IST" duration-ms="953" status="PASS">
          <params>
            <param index="0">
              <value>
                <![CDATA[problem_user]]>
              </value>
            </param>
            <param index="1">
              <value>
                <![CDATA[secret_sauce]]>
              </value>
            </param>
          </params>
          <reporter-output>
          </reporter-output>
        </test-method> <!-- Excel -->
        <test-method signature="Excel(java.lang.String,java.lang.String)[pri:1, instance:package_name.Login_functionality22@51399530]" started-at="2024-02-21T18:22:26 IST" name="Excel" data-provider="testing" finished-at="2024-02-21T18:22:32 IST" duration-ms="5988" status="PASS">
          <params>
            <param index="0">
              <value>
                <![CDATA[performance_glitch_user]]>
              </value>
            </param>
            <param index="1">
              <value>
                <![CDATA[secret_sauce]]>
              </value>
            </param>
          </params>
          <reporter-output>
          </reporter-output>
        </test-method> <!-- Excel -->
        <test-method signature="test1()[pri:2, instance:package_name.Login_functionality22@51399530]" started-at="2024-02-21T18:22:32 IST" name="test1" finished-at="2024-02-21T18:22:32 IST" duration-ms="10" status="PASS">
          <reporter-output>
            <line>
              <![CDATA[This is the test report generated]]>
            </line>
          </reporter-output>
        </test-method> <!-- test1 -->
        <test-method is-config="true" signature="closingBrowser()[pri:0, instance:package_name.Login_functionality22@51399530]" started-at="2024-02-21T18:22:32 IST" name="closingBrowser" finished-at="2024-02-21T18:22:33 IST" duration-ms="1351" status="PASS">
          <reporter-output>
          </reporter-output>
        </test-method> <!-- closingBrowser -->
      </class> <!-- package_name.Login_functionality22 -->
    </test> <!-- Default test -->
  </suite> <!-- Default suite -->
</testng-results>
