<?xml version="1.0" encoding="UTF-8"?>
<!-- Generated by org.testng.reporters.JUnitXMLReporter -->
<testsuite ignored="0" hostname="DESKTOP-CJ2LCU7" failures="0" tests="3" name="Functional Test" time="24.77" errors="0" timestamp="2024-02-18T16:52:59 IST">
  <testcase classname="package_name.Project_new" name="Text" time="12.8"/>
  <testcase classname="package_name.Project_new" name="Titletest" time="11.819"/>
  <testcase classname="package_name.Project_new" name="print" time="0.006"/>
</testsuite> <!-- Functional Test -->
