<?xml version="1.0" encoding="UTF-8"?>
<!-- Generated by org.testng.reporters.JUnitXMLReporter -->
<testsuite ignored="0" hostname="DESKTOP-CJ2LCU7" failures="4" tests="5" name="Listener testing" time="0.231" errors="0" timestamp="2024-02-27T21:47:05 IST">
  <testcase classname="package_name.BrowserChoice" name="StartBrowser" time="0.026"/>
  <testcase classname="package_name.Login_functionality22" name="Excel" time="0.015">
    <failure type="java.lang.NullPointerException" message="Cannot invoke &amp;quot;org.openqa.selenium.WebDriver.get(String)&amp;quot; because &amp;quot;package_name.Login_functionality22.driver&amp;quot; is null">
      <![CDATA[java.lang.NullPointerException: Cannot invoke "org.openqa.selenium.WebDriver.get(String)" because "package_name.Login_functionality22.driver" is null
at package_name.Login_functionality22.Excel(Login_functionality22.java:15)
at java.base/java.util.ArrayList.forEach(ArrayList.java:1511)
... Removed 25 stack frames]]>
    </failure>
  </testcase> <!-- Excel -->
  <testcase classname="package_name.Login_functionality22" name="Excel" time="0.005">
    <failure type="java.lang.NullPointerException" message="Cannot invoke &amp;quot;org.openqa.selenium.WebDriver.get(String)&amp;quot; because &amp;quot;package_name.Login_functionality22.driver&amp;quot; is null">
      <![CDATA[java.lang.NullPointerException: Cannot invoke "org.openqa.selenium.WebDriver.get(String)" because "package_name.Login_functionality22.driver" is null
at package_name.Login_functionality22.Excel(Login_functionality22.java:15)
at java.base/java.util.ArrayList.forEach(ArrayList.java:1511)
... Removed 25 stack frames]]>
    </failure>
  </testcase> <!-- Excel -->
  <testcase classname="package_name.Login_functionality22" name="Excel" time="0.007">
    <failure type="java.lang.NullPointerException" message="Cannot invoke &amp;quot;org.openqa.selenium.WebDriver.get(String)&amp;quot; because &amp;quot;package_name.Login_functionality22.driver&amp;quot; is null">
      <![CDATA[java.lang.NullPointerException: Cannot invoke "org.openqa.selenium.WebDriver.get(String)" because "package_name.Login_functionality22.driver" is null
at package_name.Login_functionality22.Excel(Login_functionality22.java:15)
at java.base/java.util.ArrayList.forEach(ArrayList.java:1511)
... Removed 25 stack frames]]>
    </failure>
  </testcase> <!-- Excel -->
  <testcase classname="package_name.Login_functionality22" name="Excel" time="0.005">
    <failure type="java.lang.NullPointerException" message="Cannot invoke &amp;quot;org.openqa.selenium.WebDriver.get(String)&amp;quot; because &amp;quot;package_name.Login_functionality22.driver&amp;quot; is null">
      <![CDATA[java.lang.NullPointerException: Cannot invoke "org.openqa.selenium.WebDriver.get(String)" because "package_name.Login_functionality22.driver" is null
at package_name.Login_functionality22.Excel(Login_functionality22.java:15)
at java.base/java.util.ArrayList.forEach(ArrayList.java:1511)
... Removed 25 stack frames]]>
    </failure>
  </testcase> <!-- Excel -->
</testsuite> <!-- Listener testing -->
