<?xml version="1.0" encoding="UTF-8"?>
<!-- Generated by org.testng.reporters.JUnitXMLReporter -->
<testsuite ignored="0" hostname="DESKTOP-CJ2LCU7" failures="4" tests="6" name="Listener testing" time="0.366" errors="0" timestamp="2024-02-21T18:18:18 IST">
  <testcase classname="package_name.BrowserChoice" name="StartBrowser" time="0.039"/>
  <testcase classname="package_name.Login_functionality22" name="Excel" time="0.011">
    <failure type="java.lang.NullPointerException" message="Cannot invoke &amp;quot;org.openqa.selenium.WebDriver.get(String)&amp;quot; because &amp;quot;package_name.Login_functionality22.driver&amp;quot; is null">
      <![CDATA[java.lang.NullPointerException: Cannot invoke "org.openqa.selenium.WebDriver.get(String)" because "package_name.Login_functionality22.driver" is null
at package_name.Login_functionality22.Excel(Login_functionality22.java:11)
at java.base/java.util.ArrayList.forEach(ArrayList.java:1511)
... Removed 25 stack frames]]>
    </failure>
  </testcase> <!-- Excel -->
  <testcase classname="package_name.Login_functionality22" name="Excel" time="0.005">
    <failure type="java.lang.NullPointerException" message="Cannot invoke &amp;quot;org.openqa.selenium.WebDriver.get(String)&amp;quot; because &amp;quot;package_name.Login_functionality22.driver&amp;quot; is null">
      <![CDATA[java.lang.NullPointerException: Cannot invoke "org.openqa.selenium.WebDriver.get(String)" because "package_name.Login_functionality22.driver" is null
at package_name.Login_functionality22.Excel(Login_functionality22.java:11)
at java.base/java.util.ArrayList.forEach(ArrayList.java:1511)
... Removed 25 stack frames]]>
    </failure>
  </testcase> <!-- Excel -->
  <testcase classname="package_name.Login_functionality22" name="Excel" time="0.016">
    <failure type="java.lang.NullPointerException" message="Cannot invoke &amp;quot;org.openqa.selenium.WebDriver.get(String)&amp;quot; because &amp;quot;package_name.Login_functionality22.driver&amp;quot; is null">
      <![CDATA[java.lang.NullPointerException: Cannot invoke "org.openqa.selenium.WebDriver.get(String)" because "package_name.Login_functionality22.driver" is null
at package_name.Login_functionality22.Excel(Login_functionality22.java:11)
at java.base/java.util.ArrayList.forEach(ArrayList.java:1511)
... Removed 25 stack frames]]>
    </failure>
  </testcase> <!-- Excel -->
  <testcase classname="package_name.Login_functionality22" name="Excel" time="0.017">
    <failure type="java.lang.NullPointerException" message="Cannot invoke &amp;quot;org.openqa.selenium.WebDriver.get(String)&amp;quot; because &amp;quot;package_name.Login_functionality22.driver&amp;quot; is null">
      <![CDATA[java.lang.NullPointerException: Cannot invoke "org.openqa.selenium.WebDriver.get(String)" because "package_name.Login_functionality22.driver" is null
at package_name.Login_functionality22.Excel(Login_functionality22.java:11)
at java.base/java.util.ArrayList.forEach(ArrayList.java:1511)
... Removed 25 stack frames]]>
    </failure>
  </testcase> <!-- Excel -->
  <testcase classname="package_name.Login_functionality22" name="test1" time="0.006"/>
</testsuite> <!-- Listener testing -->
