<?xml version="1.0" encoding="UTF-8"?>
<!-- Generated by org.testng.reporters.JUnitXMLReporter -->
<testsuite ignored="1" hostname="DESKTOP-CJ2LCU7" failures="0" tests="2" name="GRP-bvt" time="9.125" errors="0" timestamp="2024-02-18T14:22:48 IST">
  <testcase classname="package_name.Project_new" name="Titletest" time="8.985"/>
  <testcase classname="package_name.Project_new" name="print" time="0.006"/>
  <testcase classname="package_name.Project_new" name="Text" time="0.0">
    <ignored/>
  </testcase> <!-- Text -->
</testsuite> <!-- GRP-bvt -->
