<?xml version="1.0" encoding="UTF-8"?>
<!-- Generated by org.testng.reporters.JUnitXMLReporter -->
<testsuite ignored="0" hostname="DESKTOP-CJ2LCU7" failures="0" tests="6" name="Default test" time="19.156" errors="0" timestamp="2024-02-21T18:22:32 IST">
  <testcase classname="package_name.BrowserChoice" name="StartBrowser" time="6.645"/>
  <testcase classname="package_name.Login_functionality22" name="Excel" time="4.513"/>
  <testcase classname="package_name.Login_functionality22" name="Excel" time="0.845"/>
  <testcase classname="package_name.Login_functionality22" name="Excel" time="0.953"/>
  <testcase classname="package_name.Login_functionality22" name="Excel" time="5.988"/>
  <testcase classname="package_name.Login_functionality22" name="test1" time="0.01"/>
</testsuite> <!-- Default test -->
